<?xml version="1.0" encoding="UTF-8"?>
<!-- Generated by org.testng.reporters.JUnitXMLReporter -->
<testsuite ignored="0" hostname="3f1b1ccfddf8539" failures="3" tests="5" name="Test" time="16.105" errors="0" timestamp="2026-06-12T19:01:29 IST">
  <testcase classname="tests.RegistrationTest" name="registration" time="3.337"/>
  <testcase classname="tests.LoginTest" name="logins" time="1.652"/>
  <testcase classname="tests.SearchTest" name="logins" time="0.005">
    <failure type="java.lang.ArrayIndexOutOfBoundsException" message="Index 1 out of bounds for length 1">
      <![CDATA[java.lang.ArrayIndexOutOfBoundsException: Index 1 out of bounds for length 1
at listeners.TestListeners.onTestStart(TestListeners.java:18)
at java.base/java.util.ArrayList.forEach(ArrayList.java:1596)
... Removed 24 stack frames]]>
    </failure>
  </testcase> <!-- logins -->
  <testcase classname="tests.SearchTest" name="logins" time="0.001">
    <failure type="java.lang.ArrayIndexOutOfBoundsException" message="Index 1 out of bounds for length 1">
      <![CDATA[java.lang.ArrayIndexOutOfBoundsException: Index 1 out of bounds for length 1
at listeners.TestListeners.onTestStart(TestListeners.java:18)
at java.base/java.util.ArrayList.forEach(ArrayList.java:1596)
... Removed 24 stack frames]]>
    </failure>
  </testcase> <!-- logins -->
  <testcase classname="tests.CheckoutTest" name="checkout" time="0.002">
    <failure type="java.lang.ArrayIndexOutOfBoundsException" message="Index 1 out of bounds for length 1">
      <![CDATA[java.lang.ArrayIndexOutOfBoundsException: Index 1 out of bounds for length 1
at listeners.TestListeners.onTestStart(TestListeners.java:18)
at java.base/java.util.ArrayList.forEach(ArrayList.java:1596)
... Removed 24 stack frames]]>
    </failure>
  </testcase> <!-- checkout -->
</testsuite> <!-- Test -->
